commit 5f0225e9642b16542c1746dcf4dd824b2dcfa499
Author: ScripterKSG <jasonn1210@gmail.com>
Date:   Thu Sep 16 12:26:25 2021 -0500

    Rerunning to test pipeline and commit appropriate files

commit 930720ee8669fe776b3bc069554b5c6f57d29e7d
Author: ScripterKSG <jasonn1210@gmail.com>
Date:   Wed Sep 15 03:27:32 2021 -0500

    First commit, add txt file First as test, ran make test to confirm expected successes

commit 62f127e64499feae369a412a57fb07a4e8284f99
Author: Fares Fraij <fares@cs.utexas.edu>
Date:   Thu Aug 19 11:49:19 2021 -0500

    second commit

commit 6d2b7d583cb690ddd530dca1b62a4ceee6801712
Author: Fares Fraij <fares@cs.utexas.edu>
Date:   Mon Aug 16 12:13:51 2021 -0500

    first commit

commit dd3064687b0bfa07afed5edc1fc9b1227d6e1b2a
Author: Fares Fraij <fares@utexas.edu>
Date:   Sun Aug 15 22:49:52 2021 +0000

    Initial commit
