1 10 20
100 200 125
201 210 89
900 1000 174
20 20 8
9999 9999 92
1 9999 262
340 3000 217
3000 340 217
500 101 144
1 1 1
9999 9998 92
956739 956006 352
826611 825983 313
756134 756776 362
478642 479101 338
815892 815933 269
719220 719135 274
929349 929040 339
948351 948681 326
491808 491202 320
504516 507852 382
604712 604712 67
436809 436182 325
630804 630542 310
5 7 17
21312 23321 269
33 570 144
10 32 112
11 12 15
11 11 15
31233 34111 285
60 21 113
21 60 113
70 300 128
100 130 122
8381 6683 257
8713 7536 252
2192 7090 262
586 6295 262
5704 946 238
8006 6991 252
2539 3621 217
300752 300942 309
300858 300218 340
300782 300207 340
300033 300697 340
300132 300353 234
300851 300232 340
300821 300244 340
123123 132322 344
324442 334214 384
4444 2135 238
30 27 112
100 823 171
1013 3235 217
985 1032 156
324 2333 183
76 1127 179
425 9999 262
991 2951 217
9931 1093 262
1983 2390 183
9991 10034 211
123 3461 217
323 120 131
7701 12367 268
6230 1 262
33345 27093 285
21359 30000 308
323154 330113 384
512307 512340 227
999320 999450 277
999600 999510 290
82139 71238 351
267 2100 182
32499 25025 308
